/Users/romello/code/nanogpt-shakespeare/train.py:196: FutureWarning: `torch.cuda.amp.GradScaler(args...)` is deprecated. Please use `torch.amp.GradScaler('cuda', args...)` instead.
  scaler = torch.cuda.amp.GradScaler(enabled=(dtype == 'float16'))
/Users/romello/code/nanogpt-shakespeare/.venv/lib/python3.9/site-packages/torch/amp/grad_scaler.py:136: UserWarning: torch.cuda.amp.GradScaler is enabled, but CUDA is not available.  Disabling.
  warnings.warn(
Overriding config with config/train_shakespeare_mac.py:
# Character-level Shakespeare GPT, tuned for an Apple Silicon Mac (MPS backend).
# Run with:  python train.py config/train_shakespeare_mac.py
#
# This is the only file in config/ that we added on top of upstream nanoGPT.
# It mirrors train_shakespeare_char.py but sets device='mps' and compile=False,
# which are the two changes needed to train on a Mac instead of an NVIDIA GPU.

out_dir = 'out-shakespeare-char'
eval_interval = 250   # evaluate val loss this often (we overfit fast on tiny data)
eval_iters = 200
log_interval = 10     # print training loss this often

# small dataset -> we expect to overfit, so only checkpoint when val loss improves
always_save_checkpoint = False

wandb_log = False     # no experiment tracking for a first run

dataset = 'shakespeare_char'
gradient_accumulation_steps = 1
batch_size = 64
block_size = 256      # context length: predict char N+1 from the previous 256 chars

# the "baby GPT" — ~10.6M parameters
n_layer = 6
n_head = 6
n_embd = 384
dropout = 0.2

learning_rate = 1e-3  # small networks can use a higher LR
max_iters = 2000      # ~10 min on an M-series Mac; bump to 5000 for noticeably better text
lr_decay_iters = 2000 # usually equal to max_iters
min_lr = 1e-4
beta2 = 0.99          # a bit higher because we see few tokens per step
warmup_iters = 100

# --- the Mac-specific bits ---
device = 'mps'        # Apple Metal GPU. Use 'cpu' if you hit MPS issues.
compile = False       # torch.compile is unreliable on macOS / MPS

Overriding: dataset = shakespeare_full
Overriding: out_dir = rsi/runs/r1-data-full
Overriding: eval_interval = 500
tokens per iteration will be: 16,384
found vocab_size = 100 (inside data/shakespeare_full/meta.pkl)
Initializing a new model from scratch
number of parameters: 10.66M
num decayed parameter tensors: 26, with 10,753,536 parameters
num non-decayed parameter tensors: 13, with 4,992 parameters
using fused AdamW: False
step 0: train loss 4.6105, val loss 4.5731
iter 0: loss 4.6345, time 42527.82ms, mfu -100.00%
iter 10: loss 3.3978, time 422.57ms, mfu 0.88%
iter 20: loss 2.9384, time 418.05ms, mfu 0.88%
iter 30: loss 2.7001, time 419.55ms, mfu 0.88%
iter 40: loss 2.6375, time 420.18ms, mfu 0.88%
iter 50: loss 2.5985, time 419.01ms, mfu 0.89%
iter 60: loss 2.5635, time 420.32ms, mfu 0.89%
iter 70: loss 2.5198, time 419.70ms, mfu 0.89%
iter 80: loss 2.5253, time 411.37ms, mfu 0.89%
iter 90: loss 2.5384, time 422.27ms, mfu 0.89%
iter 100: loss 2.5029, time 421.56ms, mfu 0.89%
iter 110: loss 2.5059, time 420.81ms, mfu 0.89%
iter 120: loss 2.4923, time 420.64ms, mfu 0.89%
iter 130: loss 2.5175, time 419.67ms, mfu 0.89%
iter 140: loss 2.4601, time 420.36ms, mfu 0.89%
iter 150: loss 2.4686, time 424.49ms, mfu 0.89%
iter 160: loss 2.4557, time 423.67ms, mfu 0.89%
iter 170: loss 2.4075, time 422.76ms, mfu 0.89%
iter 180: loss 2.3882, time 420.12ms, mfu 0.89%
iter 190: loss 2.3333, time 420.82ms, mfu 0.89%
iter 200: loss 2.3091, time 421.66ms, mfu 0.89%
iter 210: loss 2.2393, time 420.65ms, mfu 0.89%
iter 220: loss 2.1797, time 420.50ms, mfu 0.89%
iter 230: loss 2.1742, time 421.71ms, mfu 0.89%
iter 240: loss 2.1546, time 422.58ms, mfu 0.89%
iter 250: loss 2.1201, time 422.73ms, mfu 0.89%
iter 260: loss 2.0751, time 421.17ms, mfu 0.89%
iter 270: loss 2.0832, time 421.65ms, mfu 0.89%
iter 280: loss 2.0101, time 422.29ms, mfu 0.89%
iter 290: loss 1.9800, time 421.62ms, mfu 0.89%
iter 300: loss 1.9937, time 422.00ms, mfu 0.88%
iter 310: loss 1.9942, time 426.54ms, mfu 0.88%
iter 320: loss 1.9565, time 422.03ms, mfu 0.88%
iter 330: loss 1.9550, time 420.48ms, mfu 0.88%
iter 340: loss 1.9387, time 422.74ms, mfu 0.88%
iter 350: loss 1.9019, time 420.45ms, mfu 0.88%
iter 360: loss 1.8937, time 444.86ms, mfu 0.88%
iter 370: loss 1.8471, time 416.32ms, mfu 0.88%
iter 380: loss 1.8522, time 419.07ms, mfu 0.88%
iter 390: loss 1.8526, time 418.47ms, mfu 0.88%
iter 400: loss 1.8288, time 440.48ms, mfu 0.88%
iter 410: loss 1.8135, time 412.05ms, mfu 0.88%
iter 420: loss 1.8107, time 420.26ms, mfu 0.88%
iter 430: loss 1.8082, time 417.11ms, mfu 0.88%
iter 440: loss 1.7718, time 419.30ms, mfu 0.88%
iter 450: loss 1.7798, time 423.24ms, mfu 0.88%
iter 460: loss 1.7783, time 422.39ms, mfu 0.88%
iter 470: loss 1.7463, time 425.52ms, mfu 0.88%
iter 480: loss 1.7607, time 417.23ms, mfu 0.88%
iter 490: loss 1.7280, time 420.43ms, mfu 0.88%
step 500: train loss 1.6501, val loss 1.7977
saving checkpoint to rsi/runs/r1-data-full
iter 500: loss 1.7222, time 43307.95ms, mfu 0.80%
iter 510: loss 1.7273, time 429.53ms, mfu 0.80%
iter 520: loss 1.6969, time 422.22ms, mfu 0.81%
iter 530: loss 1.7108, time 425.35ms, mfu 0.82%
iter 540: loss 1.7214, time 426.64ms, mfu 0.82%
iter 550: loss 1.6963, time 425.98ms, mfu 0.83%
iter 560: loss 1.6767, time 423.52ms, mfu 0.83%
iter 570: loss 1.6822, time 426.79ms, mfu 0.84%
iter 580: loss 1.6508, time 425.65ms, mfu 0.84%
iter 590: loss 1.6878, time 423.43ms, mfu 0.85%
iter 600: loss 1.6435, time 425.08ms, mfu 0.85%
iter 610: loss 1.6645, time 425.08ms, mfu 0.85%
iter 620: loss 1.6098, time 422.10ms, mfu 0.86%
iter 630: loss 1.6196, time 425.72ms, mfu 0.86%
iter 640: loss 1.6129, time 423.49ms, mfu 0.86%
iter 650: loss 1.6420, time 422.83ms, mfu 0.86%
iter 660: loss 1.6251, time 425.61ms, mfu 0.86%
iter 670: loss 1.5738, time 420.54ms, mfu 0.87%
iter 680: loss 1.5992, time 406.84ms, mfu 0.87%
iter 690: loss 1.5434, time 412.03ms, mfu 0.87%
iter 700: loss 1.5998, time 407.81ms, mfu 0.88%
iter 710: loss 1.5748, time 409.43ms, mfu 0.88%
iter 720: loss 1.5816, time 407.46ms, mfu 0.89%
iter 730: loss 1.5700, time 409.68ms, mfu 0.89%
iter 740: loss 1.5584, time 400.76ms, mfu 0.89%
iter 750: loss 1.5643, time 407.72ms, mfu 0.89%
iter 760: loss 1.5399, time 407.85ms, mfu 0.90%
iter 770: loss 1.5233, time 407.40ms, mfu 0.90%
iter 780: loss 1.4995, time 407.27ms, mfu 0.90%
iter 790: loss 1.5212, time 407.73ms, mfu 0.90%
iter 800: loss 1.5246, time 411.05ms, mfu 0.90%
iter 810: loss 1.5313, time 408.04ms, mfu 0.90%
iter 820: loss 1.5199, time 408.61ms, mfu 0.90%
iter 830: loss 1.5160, time 408.51ms, mfu 0.91%
iter 840: loss 1.5336, time 408.31ms, mfu 0.91%
iter 850: loss 1.5006, time 406.70ms, mfu 0.91%
iter 860: loss 1.5153, time 408.20ms, mfu 0.91%
iter 870: loss 1.4926, time 406.95ms, mfu 0.91%
iter 880: loss 1.5110, time 407.99ms, mfu 0.91%
iter 890: loss 1.5174, time 407.12ms, mfu 0.91%
iter 900: loss 1.5024, time 409.70ms, mfu 0.91%
iter 910: loss 1.4244, time 407.76ms, mfu 0.91%
iter 920: loss 1.4861, time 408.19ms, mfu 0.91%
iter 930: loss 1.5095, time 408.80ms, mfu 0.91%
iter 940: loss 1.4536, time 409.61ms, mfu 0.91%
iter 950: loss 1.4343, time 408.43ms, mfu 0.91%
iter 960: loss 1.4878, time 409.34ms, mfu 0.91%
iter 970: loss 1.4560, time 423.65ms, mfu 0.91%
iter 980: loss 1.4098, time 411.70ms, mfu 0.91%
iter 990: loss 1.4558, time 407.69ms, mfu 0.91%
step 1000: train loss 1.3659, val loss 1.5771
saving checkpoint to rsi/runs/r1-data-full
iter 1000: loss 1.4337, time 42238.62ms, mfu 0.82%
iter 1010: loss 1.4441, time 407.12ms, mfu 0.83%
iter 1020: loss 1.4412, time 408.93ms, mfu 0.84%
iter 1030: loss 1.4501, time 408.75ms, mfu 0.84%
iter 1040: loss 1.4119, time 408.95ms, mfu 0.85%
iter 1050: loss 1.3982, time 409.08ms, mfu 0.86%
iter 1060: loss 1.4301, time 409.42ms, mfu 0.86%
iter 1070: loss 1.4166, time 410.96ms, mfu 0.87%
iter 1080: loss 1.4140, time 408.78ms, mfu 0.87%
iter 1090: loss 1.4861, time 410.46ms, mfu 0.88%
iter 1100: loss 1.4302, time 410.87ms, mfu 0.88%
iter 1110: loss 1.4161, time 413.74ms, mfu 0.88%
iter 1120: loss 1.4099, time 408.14ms, mfu 0.88%
iter 1130: loss 1.4175, time 408.13ms, mfu 0.89%
iter 1140: loss 1.3793, time 407.06ms, mfu 0.89%
iter 1150: loss 1.4010, time 407.61ms, mfu 0.89%
iter 1160: loss 1.4173, time 406.01ms, mfu 0.90%
iter 1170: loss 1.3819, time 405.67ms, mfu 0.90%
iter 1180: loss 1.4251, time 404.48ms, mfu 0.90%
iter 1190: loss 1.4066, time 404.37ms, mfu 0.90%
iter 1200: loss 1.4008, time 402.67ms, mfu 0.90%
iter 1210: loss 1.3868, time 403.09ms, mfu 0.91%
iter 1220: loss 1.3652, time 402.76ms, mfu 0.91%
iter 1230: loss 1.3643, time 401.83ms, mfu 0.91%
iter 1240: loss 1.3969, time 401.82ms, mfu 0.91%
iter 1250: loss 1.3899, time 399.71ms, mfu 0.91%
iter 1260: loss 1.3647, time 397.59ms, mfu 0.92%
iter 1270: loss 1.3478, time 398.65ms, mfu 0.92%
iter 1280: loss 1.3683, time 398.69ms, mfu 0.92%
iter 1290: loss 1.3563, time 399.16ms, mfu 0.92%
iter 1300: loss 1.3795, time 397.24ms, mfu 0.92%
iter 1310: loss 1.3604, time 396.51ms, mfu 0.93%
iter 1320: loss 1.3898, time 395.98ms, mfu 0.93%
iter 1330: loss 1.3523, time 395.40ms, mfu 0.93%
iter 1340: loss 1.4033, time 394.65ms, mfu 0.93%
iter 1350: loss 1.3939, time 394.33ms, mfu 0.93%
iter 1360: loss 1.3838, time 395.59ms, mfu 0.93%
iter 1370: loss 1.3439, time 394.36ms, mfu 0.93%
iter 1380: loss 1.3291, time 393.30ms, mfu 0.94%
iter 1390: loss 1.2976, time 395.44ms, mfu 0.94%
iter 1400: loss 1.3225, time 393.85ms, mfu 0.94%
iter 1410: loss 1.3300, time 403.32ms, mfu 0.94%
iter 1420: loss 1.3780, time 410.40ms, mfu 0.93%
iter 1430: loss 1.3408, time 399.65ms, mfu 0.93%
iter 1440: loss 1.3498, time 397.27ms, mfu 0.93%
iter 1450: loss 1.3531, time 393.27ms, mfu 0.94%
iter 1460: loss 1.3477, time 391.88ms, mfu 0.94%
iter 1470: loss 1.3224, time 391.69ms, mfu 0.94%
iter 1480: loss 1.3640, time 391.21ms, mfu 0.94%
iter 1490: loss 1.3437, time 391.15ms, mfu 0.94%
step 1500: train loss 1.2676, val loss 1.5140
saving checkpoint to rsi/runs/r1-data-full
iter 1500: loss 1.3254, time 40311.51ms, mfu 0.85%
iter 1510: loss 1.3589, time 392.97ms, mfu 0.86%
iter 1520: loss 1.3493, time 388.73ms, mfu 0.87%
iter 1530: loss 1.3217, time 388.09ms, mfu 0.88%
iter 1540: loss 1.3249, time 387.87ms, mfu 0.89%
iter 1550: loss 1.2971, time 390.11ms, mfu 0.89%
iter 1560: loss 1.3037, time 387.80ms, mfu 0.90%
iter 1570: loss 1.3305, time 385.05ms, mfu 0.91%
iter 1580: loss 1.3296, time 388.30ms, mfu 0.91%
iter 1590: loss 1.3253, time 388.75ms, mfu 0.92%
iter 1600: loss 1.3565, time 392.01ms, mfu 0.92%
iter 1610: loss 1.3124, time 392.41ms, mfu 0.92%
iter 1620: loss 1.2994, time 387.81ms, mfu 0.93%
iter 1630: loss 1.3254, time 388.26ms, mfu 0.93%
iter 1640: loss 1.3494, time 386.90ms, mfu 0.93%
iter 1650: loss 1.3075, time 381.99ms, mfu 0.94%
iter 1660: loss 1.3294, time 388.01ms, mfu 0.94%
iter 1670: loss 1.3086, time 387.56ms, mfu 0.94%
iter 1680: loss 1.3522, time 387.32ms, mfu 0.94%
iter 1690: loss 1.3230, time 387.06ms, mfu 0.95%
iter 1700: loss 1.3127, time 389.37ms, mfu 0.95%
iter 1710: loss 1.2809, time 386.54ms, mfu 0.95%
iter 1720: loss 1.2942, time 387.95ms, mfu 0.95%
iter 1730: loss 1.2820, time 391.99ms, mfu 0.95%
iter 1740: loss 1.3172, time 409.22ms, mfu 0.95%
iter 1750: loss 1.3354, time 384.50ms, mfu 0.95%
iter 1760: loss 1.3252, time 386.43ms, mfu 0.95%
iter 1770: loss 1.2981, time 386.65ms, mfu 0.95%
iter 1780: loss 1.2724, time 387.98ms, mfu 0.95%
iter 1790: loss 1.3349, time 385.45ms, mfu 0.95%
iter 1800: loss 1.2844, time 395.75ms, mfu 0.95%
iter 1810: loss 1.2806, time 388.28ms, mfu 0.95%
iter 1820: loss 1.2836, time 385.65ms, mfu 0.96%
iter 1830: loss 1.3402, time 385.19ms, mfu 0.96%
iter 1840: loss 1.2995, time 385.59ms, mfu 0.96%
iter 1850: loss 1.3130, time 384.95ms, mfu 0.96%
iter 1860: loss 1.2876, time 385.76ms, mfu 0.96%
iter 1870: loss 1.3401, time 384.47ms, mfu 0.96%
iter 1880: loss 1.3192, time 384.67ms, mfu 0.96%
iter 1890: loss 1.2917, time 385.51ms, mfu 0.96%
iter 1900: loss 1.2986, time 387.10ms, mfu 0.96%
iter 1910: loss 1.2933, time 391.98ms, mfu 0.96%
iter 1920: loss 1.2603, time 390.15ms, mfu 0.96%
iter 1930: loss 1.3188, time 384.88ms, mfu 0.96%
iter 1940: loss 1.2806, time 384.70ms, mfu 0.96%
iter 1950: loss 1.2975, time 384.51ms, mfu 0.96%
iter 1960: loss 1.2953, time 384.66ms, mfu 0.96%
iter 1970: loss 1.2986, time 384.29ms, mfu 0.96%
iter 1980: loss 1.2629, time 384.76ms, mfu 0.97%
iter 1990: loss 1.3211, time 384.60ms, mfu 0.97%
step 2000: train loss 1.2255, val loss 1.4739
saving checkpoint to rsi/runs/r1-data-full
iter 2000: loss 1.2708, time 39725.20ms, mfu 0.87%
